# JRE version: Java(TM) SE Runtime Environment (11.0.3+12) (build 11.0.3+12-LTS)
# Java VM: Java HotSpot(TM) 64-Bit Server VM (11.0.3+12-LTS, mixed mode, tiered, compressed oops, g1 gc, windows-amd64)
Heap:
 garbage-first heap   total 131072K, used 7918K [0x0000000081800000, 0x0000000100000000)
  region size 1024K, 3 young (3072K), 2 survivors (2048K)
 Metaspace       used 20584K, capacity 21124K, committed 21504K, reserved 1069056K
  class space    used 2187K, capacity 2434K, committed 2560K, reserved 1048576K
GC Heap History (6 events):
Event: 2.021 GC heap before
{Heap before GC invocations=0 (full 0):
 garbage-first heap   total 131072K, used 15360K [0x0000000081800000, 0x0000000100000000)
  region size 1024K, 14 young (14336K), 0 survivors (0K)
 Metaspace       used 16131K, capacity 16574K, committed 16768K, reserved 1064960K
  class space    used 1695K, capacity 1918K, committed 1920K, reserved 1048576K
}
Event: 2.032 GC heap after
{Heap after GC invocations=1 (full 0):
 garbage-first heap   total 131072K, used 6290K [0x0000000081800000, 0x0000000100000000)
  region size 1024K, 2 young (2048K), 2 survivors (2048K)
 Metaspace       used 16131K, capacity 16574K, committed 16768K, reserved 1064960K
  class space    used 1695K, capacity 1918K, committed 1920K, reserved 1048576K
}
Event: 2.225 GC heap before
{Heap before GC invocations=1 (full 0):
 garbage-first heap   total 131072K, used 10386K [0x0000000081800000, 0x0000000100000000)
  region size 1024K, 6 young (6144K), 2 survivors (2048K)
 Metaspace       used 18777K, capacity 19264K, committed 19456K, reserved 1067008K
  class space    used 2024K, capacity 2261K, committed 2304K, reserved 1048576K
}
Event: 2.230 GC heap after
{Heap after GC invocations=2 (full 0):
 garbage-first heap   total 131072K, used 6912K [0x0000000081800000, 0x0000000100000000)
  region size 1024K, 1 young (1024K), 1 survivors (1024K)
 Metaspace       used 18777K, capacity 19264K, committed 19456K, reserved 1067008K
  class space    used 2024K, capacity 2261K, committed 2304K, reserved 1048576K
}
Event: 2.507 GC heap before
{Heap before GC invocations=2 (full 0):
 garbage-first heap   total 131072K, used 11008K [0x0000000081800000, 0x0000000100000000)
  region size 1024K, 6 young (6144K), 1 survivors (1024K)
 Metaspace       used 20580K, capacity 21060K, committed 21248K, reserved 1069056K
  class space    used 2187K, capacity 2434K, committed 2560K, reserved 1048576K
}
Event: 2.511 GC heap after
{Heap after GC invocations=3 (full 0):
 garbage-first heap   total 131072K, used 7918K [0x0000000081800000, 0x0000000100000000)
  region size 1024K, 2 young (2048K), 2 survivors (2048K)
 Metaspace       used 20580K, capacity 21060K, committed 21248K, reserved 1069056K
  class space    used 2187K, capacity 2434K, committed 2560K, reserved 1048576K
}

