# JRE version: Java(TM) SE Runtime Environment (11.0.3+12) (build 11.0.3+12-LTS)
# Java VM: Java HotSpot(TM) 64-Bit Server VM (11.0.3+12-LTS, mixed mode, tiered, compressed oops, g1 gc, windows-amd64)
Heap:
 garbage-first heap   total 131072K, used 9095K [0x0000000081800000, 0x0000000100000000)
  region size 1024K, 4 young (4096K), 2 survivors (2048K)
 Metaspace       used 20598K, capacity 21124K, committed 21504K, reserved 1069056K
  class space    used 2187K, capacity 2434K, committed 2560K, reserved 1048576K
GC Heap History (6 events):
Event: 1.916 GC heap before
{Heap before GC invocations=0 (full 0):
 garbage-first heap   total 131072K, used 15360K [0x0000000081800000, 0x0000000100000000)
  region size 1024K, 14 young (14336K), 0 survivors (0K)
 Metaspace       used 15866K, capacity 16305K, committed 16512K, reserved 1064960K
  class space    used 1652K, capacity 1865K, committed 1920K, reserved 1048576K
}
Event: 1.925 GC heap after
{Heap after GC invocations=1 (full 0):
 garbage-first heap   total 131072K, used 6245K [0x0000000081800000, 0x0000000100000000)
  region size 1024K, 2 young (2048K), 2 survivors (2048K)
 Metaspace       used 15866K, capacity 16305K, committed 16512K, reserved 1064960K
  class space    used 1652K, capacity 1865K, committed 1920K, reserved 1048576K
}
Event: 2.231 GC heap before
{Heap before GC invocations=1 (full 0):
 garbage-first heap   total 131072K, used 11365K [0x0000000081800000, 0x0000000100000000)
  region size 1024K, 7 young (7168K), 2 survivors (2048K)
 Metaspace       used 19599K, capacity 20139K, committed 20352K, reserved 1067008K
  class space    used 2113K, capacity 2361K, committed 2432K, reserved 1048576K
}
Event: 2.237 GC heap after
{Heap after GC invocations=2 (full 0):
 garbage-first heap   total 131072K, used 7175K [0x0000000081800000, 0x0000000100000000)
  region size 1024K, 1 young (1024K), 1 survivors (1024K)
 Metaspace       used 19599K, capacity 20139K, committed 20352K, reserved 1067008K
  class space    used 2113K, capacity 2361K, committed 2432K, reserved 1048576K
}
Event: 2.431 GC heap before
{Heap before GC invocations=2 (full 0):
 garbage-first heap   total 131072K, used 10247K [0x0000000081800000, 0x0000000100000000)
  region size 1024K, 5 young (5120K), 1 survivors (1024K)
 Metaspace       used 20578K, capacity 21060K, committed 21248K, reserved 1069056K
  class space    used 2185K, capacity 2434K, committed 2560K, reserved 1048576K
}
Event: 2.436 GC heap after
{Heap after GC invocations=3 (full 0):
 garbage-first heap   total 131072K, used 8071K [0x0000000081800000, 0x0000000100000000)
  region size 1024K, 2 young (2048K), 2 survivors (2048K)
 Metaspace       used 20578K, capacity 21060K, committed 21248K, reserved 1069056K
  class space    used 2185K, capacity 2434K, committed 2560K, reserved 1048576K
}

